<?xml version="1.0" encoding="UTF-8"?>
<!-- Generated by org.testng.reporters.JUnitReportReporter -->
<testsuite skipped="0" hostname="ESL009" name="enh.web.tests.IGP_TC_090" tests="1" failures="0" timestamp="10 Mar 2017 13:27:48 GMT" time="34.701" errors="0">
  <testcase name="test" time="34.701" classname="enh.web.tests.IGP_TC_090"/>
</testsuite> <!-- enh.web.tests.IGP_TC_090 -->
