<?xml version="1.0" encoding="UTF-8"?>
<!-- Generated by org.testng.reporters.JUnitReportReporter -->
<testsuite skipped="0" hostname="ESL009" name="enh.web.tests.IGP_TC_095" tests="1" failures="0" timestamp="20 Mar 2017 13:03:33 GMT" time="21.278" errors="0">
  <testcase name="test" time="21.278" classname="enh.web.tests.IGP_TC_095"/>
</testsuite> <!-- enh.web.tests.IGP_TC_095 -->
