<?xml version="1.0" encoding="UTF-8"?>
<!-- Generated by org.testng.reporters.JUnitReportReporter -->
<testsuite skipped="0" hostname="ESL009" name="enh.web.tests.IGP_TC_091" tests="1" failures="0" timestamp="8 Mar 2017 11:43:04 GMT" time="72.908" errors="0">
  <testcase name="test" time="72.908" classname="enh.web.tests.IGP_TC_091"/>
</testsuite> <!-- enh.web.tests.IGP_TC_091 -->
